0 info it worked if it ends with ok
1 verbose cli [ '/usr/bin/nodejs',
1 verbose cli   '/usr/bin/npm',
1 verbose cli   'install',
1 verbose cli   'app.js',
1 verbose cli   'node_modules',
1 verbose cli   'package.json',
1 verbose cli   'public',
1 verbose cli   'README.md' ]
2 info using npm@3.10.3
3 info using node@v6.7.0
4 silly loadCurrentTree Starting
5 silly install loadCurrentTree
6 silly install readLocalPackageData
7 silly fetchPackageMetaData app.js
8 silly fetchPackageMetaData node_modules
9 silly fetchPackageMetaData package.json
10 silly fetchPackageMetaData public
11 silly fetchPackageMetaData README.md
12 silly fetchOtherPackageData app.js
13 silly cache add args [ 'app.js', null ]
14 verbose cache add spec app.js
15 silly fetchOtherPackageData package.json
16 silly cache add args [ 'package.json', null ]
17 verbose cache add spec package.json
18 silly fetchOtherPackageData README.md
19 silly cache add args [ 'README.md', null ]
20 verbose cache add spec README.md
21 silly cache add parsed spec Result {
21 silly cache add   raw: 'app.js',
21 silly cache add   scope: null,
21 silly cache add   escapedName: 'app.js',
21 silly cache add   name: null,
21 silly cache add   rawSpec: 'app.js',
21 silly cache add   spec: '/home/unknown/Escritorio/github/notas/app.js',
21 silly cache add   type: 'local' }
22 silly fetchOtherPackageData node_modules
23 silly cache add args [ 'node_modules', null ]
24 verbose cache add spec node_modules
25 silly cache add parsed spec Result {
25 silly cache add   raw: 'package.json',
25 silly cache add   scope: null,
25 silly cache add   escapedName: 'package.json',
25 silly cache add   name: null,
25 silly cache add   rawSpec: 'package.json',
25 silly cache add   spec: '/home/unknown/Escritorio/github/notas/package.json',
25 silly cache add   type: 'local' }
26 silly fetchNamedPackageData public
27 silly mapToRegistry name public
28 silly mapToRegistry using default registry
29 silly mapToRegistry registry https://registry.npmjs.org/
30 silly mapToRegistry data Result {
30 silly mapToRegistry   raw: 'public',
30 silly mapToRegistry   scope: null,
30 silly mapToRegistry   escapedName: 'public',
30 silly mapToRegistry   name: 'public',
30 silly mapToRegistry   rawSpec: '',
30 silly mapToRegistry   spec: 'latest',
30 silly mapToRegistry   type: 'tag' }
31 silly mapToRegistry uri https://registry.npmjs.org/public
32 silly cache add parsed spec Result {
32 silly cache add   raw: 'README.md',
32 silly cache add   scope: null,
32 silly cache add   escapedName: 'README.md',
32 silly cache add   name: null,
32 silly cache add   rawSpec: 'README.md',
32 silly cache add   spec: '/home/unknown/Escritorio/github/notas/README.md',
32 silly cache add   type: 'local' }
33 verbose request uri https://registry.npmjs.org/public
34 verbose request no auth needed
35 info attempt registry request try #1 at 15:15:48
36 verbose request id 400c03530b2fab6c
37 http request GET https://registry.npmjs.org/public
38 silly cache add parsed spec Result {
38 silly cache add   raw: 'node_modules',
38 silly cache add   scope: null,
38 silly cache add   escapedName: null,
38 silly cache add   name: null,
38 silly cache add   rawSpec: 'node_modules',
38 silly cache add   spec: '/home/unknown/Escritorio/github/notas/node_modules',
38 silly cache add   type: 'local' }
39 silly addLocalTarball shasum (computed) 28277cdfc470261dfe0909d2a627dfdd318ecc31
40 verbose addTmpTarball /home/unknown/Escritorio/github/notas/app.js not in flight; adding
41 verbose correctMkdir /home/unknown/.npm correctMkdir not in flight; initializing
42 silly addLocalTarball shasum (computed) 2d37a7b7407d433340d562f6a51822fdf3c215c2
43 verbose addTmpTarball /home/unknown/Escritorio/github/notas/package.json not in flight; adding
44 verbose correctMkdir /home/unknown/.npm correctMkdir already in flight; waiting
45 silly addLocalTarball shasum (computed) 90bd4eba077975ee0bfbb632ee28c6145db21c8e
46 verbose addTmpTarball /home/unknown/Escritorio/github/notas/README.md not in flight; adding
47 verbose correctMkdir /home/unknown/.npm correctMkdir already in flight; waiting
48 verbose addTmpTarball validating metadata from /home/unknown/Escritorio/github/notas/app.js
49 verbose tar unpack /home/unknown/Escritorio/github/notas/app.js
50 verbose tar unpacking to /tmp/npm-7846-0267f382/unpack-610776a9
51 verbose addTmpTarball validating metadata from /home/unknown/Escritorio/github/notas/package.json
52 verbose tar unpack /home/unknown/Escritorio/github/notas/package.json
53 verbose tar unpacking to /tmp/npm-7846-0267f382/unpack-8248f254
54 verbose addTmpTarball validating metadata from /home/unknown/Escritorio/github/notas/README.md
55 verbose tar unpack /home/unknown/Escritorio/github/notas/README.md
56 verbose tar unpacking to /tmp/npm-7846-0267f382/unpack-f42f31da
57 silly gentlyRm /tmp/npm-7846-0267f382/unpack-610776a9 is being purged
58 verbose gentlyRm don't care about contents; nuking /tmp/npm-7846-0267f382/unpack-610776a9
59 silly gentlyRm /tmp/npm-7846-0267f382/unpack-8248f254 is being purged
60 verbose gentlyRm don't care about contents; nuking /tmp/npm-7846-0267f382/unpack-8248f254
61 silly gentlyRm /tmp/npm-7846-0267f382/unpack-f42f31da is being purged
62 verbose gentlyRm don't care about contents; nuking /tmp/npm-7846-0267f382/unpack-f42f31da
63 error addLocal Could not install /home/unknown/Escritorio/github/notas/node_modules
64 silly fetchPackageMetaData Error: EISDIR: illegal operation on a directory, read
64 silly fetchPackageMetaData     at Error (native)
64 silly fetchPackageMetaData  error for node_modules { Error: EISDIR: illegal operation on a directory, read
64 silly fetchPackageMetaData     at Error (native) errno: -21, code: 'EISDIR', syscall: 'read' }
65 silly gunzTarPerm modes [ '755', '644' ]
66 silly gunzTarPerm modes [ '755', '644' ]
67 silly gunzTarPerm modes [ '755', '644' ]
68 error not a package /home/unknown/Escritorio/github/notas/package.json
69 error not a package /home/unknown/Escritorio/github/notas/README.md
70 error not a package /home/unknown/Escritorio/github/notas/app.js
71 error addLocal Could not install /home/unknown/Escritorio/github/notas/README.md
72 silly fetchPackageMetaData Error: ENOENT: no such file or directory, open '/tmp/npm-7846-0267f382/unpack-f42f31da/package.json'
72 silly fetchPackageMetaData     at Error (native)
72 silly fetchPackageMetaData  error for README.md { Error: ENOENT: no such file or directory, open '/tmp/npm-7846-0267f382/unpack-f42f31da/package.json'
72 silly fetchPackageMetaData     at Error (native)
72 silly fetchPackageMetaData   errno: -2,
72 silly fetchPackageMetaData   code: 'ENOENT',
72 silly fetchPackageMetaData   syscall: 'open',
72 silly fetchPackageMetaData   path: '/tmp/npm-7846-0267f382/unpack-f42f31da/package.json' }
73 error addLocal Could not install /home/unknown/Escritorio/github/notas/package.json
74 silly fetchPackageMetaData Error: ENOENT: no such file or directory, open '/tmp/npm-7846-0267f382/unpack-8248f254/package.json'
74 silly fetchPackageMetaData     at Error (native)
74 silly fetchPackageMetaData  error for package.json { Error: ENOENT: no such file or directory, open '/tmp/npm-7846-0267f382/unpack-8248f254/package.json'
74 silly fetchPackageMetaData     at Error (native)
74 silly fetchPackageMetaData   errno: -2,
74 silly fetchPackageMetaData   code: 'ENOENT',
74 silly fetchPackageMetaData   syscall: 'open',
74 silly fetchPackageMetaData   path: '/tmp/npm-7846-0267f382/unpack-8248f254/package.json' }
75 error addLocal Could not install /home/unknown/Escritorio/github/notas/app.js
76 silly fetchPackageMetaData Error: ENOENT: no such file or directory, open '/tmp/npm-7846-0267f382/unpack-610776a9/package.json'
76 silly fetchPackageMetaData     at Error (native)
76 silly fetchPackageMetaData  error for app.js { Error: ENOENT: no such file or directory, open '/tmp/npm-7846-0267f382/unpack-610776a9/package.json'
76 silly fetchPackageMetaData     at Error (native)
76 silly fetchPackageMetaData   errno: -2,
76 silly fetchPackageMetaData   code: 'ENOENT',
76 silly fetchPackageMetaData   syscall: 'open',
76 silly fetchPackageMetaData   path: '/tmp/npm-7846-0267f382/unpack-610776a9/package.json' }
77 http 200 https://registry.npmjs.org/public
78 verbose headers { server: 'CouchDB/1.5.0 (Erlang OTP/R16B03)',
78 verbose headers   etag: '"9Z7GUE97EUZCK0ZJUIWLF70LH"',
78 verbose headers   'content-type': 'application/json',
78 verbose headers   'content-encoding': 'gzip',
78 verbose headers   'cache-control': 'max-age=300',
78 verbose headers   'content-length': '1036',
78 verbose headers   'accept-ranges': 'bytes',
78 verbose headers   date: 'Mon, 10 Oct 2016 18:15:49 GMT',
78 verbose headers   via: '1.1 varnish',
78 verbose headers   age: '0',
78 verbose headers   connection: 'keep-alive',
78 verbose headers   'x-served-by': 'cache-iad2148-IAD',
78 verbose headers   'x-cache': 'MISS',
78 verbose headers   'x-cache-hits': '0',
78 verbose headers   'x-timer': 'S1476123349.673867,VS0,VE19',
78 verbose headers   vary: 'Accept-Encoding' }
79 silly get cb [ 200,
79 silly get   { server: 'CouchDB/1.5.0 (Erlang OTP/R16B03)',
79 silly get     etag: '"9Z7GUE97EUZCK0ZJUIWLF70LH"',
79 silly get     'content-type': 'application/json',
79 silly get     'content-encoding': 'gzip',
79 silly get     'cache-control': 'max-age=300',
79 silly get     'content-length': '1036',
79 silly get     'accept-ranges': 'bytes',
79 silly get     date: 'Mon, 10 Oct 2016 18:15:49 GMT',
79 silly get     via: '1.1 varnish',
79 silly get     age: '0',
79 silly get     connection: 'keep-alive',
79 silly get     'x-served-by': 'cache-iad2148-IAD',
79 silly get     'x-cache': 'MISS',
79 silly get     'x-cache-hits': '0',
79 silly get     'x-timer': 'S1476123349.673867,VS0,VE19',
79 silly get     vary: 'Accept-Encoding' } ]
80 verbose get saving public to /home/unknown/.npm/registry.npmjs.org/public/.cache.json
81 verbose correctMkdir /home/unknown/.npm correctMkdir not in flight; initializing
82 silly rollbackFailedOptional Starting
83 silly rollbackFailedOptional Finishing
84 silly runTopLevelLifecycles Starting
85 silly runTopLevelLifecycles Finishing
86 silly install printInstalled
87 verbose stack Error: EISDIR: illegal operation on a directory, read
87 verbose stack     at Error (native)
88 verbose cwd /home/unknown/Escritorio/github/notas
89 error Linux 4.4.0-38-generic
90 error argv "/usr/bin/nodejs" "/usr/bin/npm" "install" "app.js" "node_modules" "package.json" "public" "README.md"
91 error node v6.7.0
92 error npm  v3.10.3
93 error code EISDIR
94 error errno -21
95 error syscall read
96 error eisdir EISDIR: illegal operation on a directory, read
97 error eisdir This is most likely not a problem with npm itself
97 error eisdir and is related to npm not being able to find a package.json in
97 error eisdir a package you are trying to install.
98 verbose exit [ -21, true ]
